<?xml version="1.0" encoding="UTF-8"?>
<!-- Generated by org.testng.reporters.JUnitXMLReporter -->
<testsuite hostname="LAPTOP-HIBR7078" name="Validating Windows" tests="3" failures="0" timestamp="27 Jul 2020 07:35:23 GMT" time="17.533" errors="0">
  <testcase name="multipleWindow" time="5.815" classname="Tests.validateWindows"/>
  <testcase name="seperateWindow" time="3.488" classname="Tests.validateWindows"/>
  <testcase name="tabWindow" time="2.869" classname="Tests.validateWindows"/>
</testsuite> <!-- Validating Windows -->
