<?xml version="1.0" encoding="UTF-8"?>
<!-- Generated by org.testng.reporters.JUnitXMLReporter -->
<testsuite hostname="LAPTOP-HIBR7078" name="Validating Register" tests="3" failures="0" timestamp="27 Jul 2020 07:35:35 GMT" time="12.477" errors="0">
  <testcase name="registerInitialDetails" time="1.347" classname="Tests.validateRegister"/>
  <testcase name="registerSecondaryDetails" time="1.55" classname="Tests.validateRegister"/>
  <testcase name="userDetails" time="2.609" classname="Tests.validateRegister"/>
</testsuite> <!-- Validating Register -->
