<?xml version="1.0" encoding="UTF-8"?>
<!-- Generated by org.testng.reporters.JUnitXMLReporter -->
<testsuite hostname="LAPTOP-HIBR7078" name="Validating Register" tests="3" failures="0" timestamp="28 Jul 2020 19:34:04 GMT" time="15.281" errors="0">
  <testcase name="registerInitialDetails" time="1.159" classname="Tests.validateRegister"/>
  <testcase name="registerSecondaryDetails" time="1.507" classname="Tests.validateRegister"/>
  <testcase name="userDetails" time="1.802" classname="Tests.validateRegister"/>
</testsuite> <!-- Validating Register -->
