<?xml version="1.0" encoding="UTF-8"?>
<!-- Generated by org.testng.reporters.JUnitXMLReporter -->
<testsuite hostname="LAPTOP-HIBR7078" name="Validating Date" tests="2" failures="1" timestamp="27 Jul 2020 07:34:53 GMT" time="6.626" errors="0">
  <testcase name="activeDP" time="0.412" classname="Tests.validateDate">
    <failure type="java.lang.AssertionError" message="expected:&amp;lt;09/12/2017&amp;gt; but was:&amp;lt;&amp;gt;">
      <![CDATA[java.lang.AssertionError: expected:<09/12/2017> but was:<>
	at Tests.validateDate.activeDP(validateDate.java:44)
... Removed 26 stack frames]]>
    </failure>
  </testcase> <!-- activeDP -->
  <testcase name="disabledDP" time="0.124" classname="Tests.validateDate"/>
</testsuite> <!-- Validating Date -->
