<?xml version="1.0" encoding="UTF-8"?>
<!-- Generated by org.testng.reporters.JUnitXMLReporter -->
<testsuite hostname="LAPTOP-HIBR7078" name="Validating Alert" tests="3" failures="0" timestamp="27 Jul 2020 07:35:05 GMT" time="12.395" errors="0">
  <testcase name="AlertOKTab" time="0.908" classname="Tests.validateAlert"/>
  <testcase name="AlertOkandCancel" time="0.468" classname="Tests.validateAlert"/>
  <testcase name="AlertTextbox" time="0.403" classname="Tests.validateAlert"/>
</testsuite> <!-- Validating Alert -->
