<?xml version="1.0" encoding="UTF-8"?>
<!-- Generated by org.testng.reporters.JUnitXMLReporter -->
<testsuite hostname="LAPTOP-HIBR7078" name="Validating Frames" tests="1" failures="1" timestamp="27 Jul 2020 07:34:39 GMT" time="9.735" errors="0">
  <testcase name="singleFrame" time="0.032" classname="Tests.validateFrames">
    <failure type="java.lang.NullPointerException">
      <![CDATA[java.lang.NullPointerException
	at pages.framePage.<init>(framePage.java:27)
	at Tests.validateFrames.singleFrame(validateFrames.java:34)
... Removed 24 stack frames]]>
    </failure>
  </testcase> <!-- singleFrame -->
</testsuite> <!-- Validating Frames -->
