<?xml version="1.0" encoding="UTF-8"?>
<!-- Generated by org.testng.reporters.JUnitXMLReporter -->
<testsuite hostname="LAPTOP-HIBR7078" name="Validating Alert" tests="3" failures="0" timestamp="28 Jul 2020 19:33:20 GMT" time="10.802" errors="0">
  <testcase name="AlertOKTab" time="0.899" classname="Tests.validateAlert"/>
  <testcase name="AlertOkandCancel" time="0.361" classname="Tests.validateAlert"/>
  <testcase name="AlertTextbox" time="0.283" classname="Tests.validateAlert"/>
</testsuite> <!-- Validating Alert -->
