<?xml version="1.0" encoding="UTF-8"?>
<!-- Generated by org.testng.reporters.JUnitXMLReporter -->
<testsuite hostname="LAPTOP-HIBR7078" name="Default test" tests="3" failures="0" timestamp="25 Jul 2020 18:18:46 GMT" time="11.794" errors="0">
  <testcase name="registerInitialDetails" time="0.895" classname="Tests.validateRegister"/>
  <testcase name="registerSecondaryDetails" time="1.005" classname="Tests.validateRegister"/>
  <testcase name="userDetails" time="1.432" classname="Tests.validateRegister"/>
</testsuite> <!-- Default test -->
