<?xml version="1.0" encoding="UTF-8"?>
<testng-results skipped="0" failed="0" total="3" passed="3">
  <reporter-output>
  </reporter-output>
  <suite name="Default suite" duration-ms="19727" started-at="2020-07-28T19:39:33Z" finished-at="2020-07-28T19:39:53Z">
    <groups>
    </groups>
    <test name="Default test" duration-ms="19727" started-at="2020-07-28T19:39:33Z" finished-at="2020-07-28T19:39:53Z">
      <class name="Tests.validateWindows">
        <test-method status="PASS" signature="initialize()[pri:0, instance:Tests.validateWindows@4cf777e8]" name="initialize" is-config="true" duration-ms="8038" started-at="2020-07-29T01:09:33Z" finished-at="2020-07-29T01:09:41Z">
          <reporter-output>
          </reporter-output>
        </test-method> <!-- initialize -->
        <test-method status="PASS" signature="tabWindow()[pri:0, instance:Tests.validateWindows@4cf777e8]" name="tabWindow" duration-ms="3906" started-at="2020-07-29T01:09:41Z" finished-at="2020-07-29T01:09:45Z">
          <reporter-output>
          </reporter-output>
        </test-method> <!-- tabWindow -->
        <test-method status="PASS" signature="seperateWindow()[pri:0, instance:Tests.validateWindows@4cf777e8]" name="seperateWindow" duration-ms="2691" started-at="2020-07-29T01:09:45Z" finished-at="2020-07-29T01:09:48Z">
          <reporter-output>
          </reporter-output>
        </test-method> <!-- seperateWindow -->
        <test-method status="PASS" signature="multipleWindow()[pri:0, instance:Tests.validateWindows@4cf777e8]" name="multipleWindow" duration-ms="4706" started-at="2020-07-29T01:09:48Z" finished-at="2020-07-29T01:09:52Z">
          <reporter-output>
          </reporter-output>
        </test-method> <!-- multipleWindow -->
        <test-method status="PASS" signature="teardown()[pri:0, instance:Tests.validateWindows@4cf777e8]" name="teardown" is-config="true" duration-ms="352" started-at="2020-07-29T01:09:52Z" finished-at="2020-07-29T01:09:53Z">
          <reporter-output>
          </reporter-output>
        </test-method> <!-- teardown -->
      </class> <!-- Tests.validateWindows -->
    </test> <!-- Default test -->
  </suite> <!-- Default suite -->
</testng-results>
